[0m22:57:38.356087 [debug] [MainThread]: Sending event: {'category': 'dbt', 'action': 'invocation', 'label': 'start', 'context': [<snowplow_tracker.self_describing_json.SelfDescribingJson object at 0x000001BB8BD84AD0>, <snowplow_tracker.self_describing_json.SelfDescribingJson object at 0x000001BB8DE9BD90>, <snowplow_tracker.self_describing_json.SelfDescribingJson object at 0x000001BB8DE9B9D0>]}


============================== 22:57:38.378697 | 1e8df57c-f76f-434a-a637-3590ea127d15 ==============================
[0m22:57:38.378697 [info ] [MainThread]: Running with dbt=1.10.4
[0m22:57:38.379545 [debug] [MainThread]: running dbt with arguments {'printer_width': '80', 'indirect_selection': 'eager', 'log_cache_events': 'False', 'write_json': 'True', 'partial_parse': 'True', 'cache_selected_only': 'False', 'warn_error': 'None', 'debug': 'False', 'profiles_dir': 'C:\\Users\\HP\\.dbt', 'log_path': 'logs', 'version_check': 'True', 'fail_fast': 'False', 'use_colors': 'True', 'use_experimental_parser': 'False', 'no_print': 'None', 'quiet': 'False', 'empty': 'None', 'log_format': 'default', 'introspect': 'True', 'static_parser': 'True', 'invocation_command': 'dbt init', 'target_path': 'None', 'warn_error_options': 'WarnErrorOptionsV2(error=[], warn=[], silence=[])', 'send_anonymous_usage_stats': 'True'}
[0m22:57:48.536933 [debug] [MainThread]: Starter project path: C:\Users\HP\OneDrive\Desktop\Tenx\telegram-health-insights-pipeline\env\Lib\site-packages\dbt\include\starter_project
[0m22:57:48.564487 [info ] [MainThread]: 
Your new dbt project "med_anaytics" was created!

For more information on how to configure the profiles.yml file,
please consult the dbt documentation here:

  https://docs.getdbt.com/docs/configure-your-profile

One more thing:

Need help? Don't hesitate to reach out to us via GitHub issues or on Slack:

  https://community.getdbt.com/

Happy modeling!

[0m22:57:48.565288 [info ] [MainThread]: Setting up your profile.
[0m22:59:05.480865 [info ] [MainThread]: Profile med_anaytics written to C:\Users\HP\.dbt\profiles.yml using target's profile_template.yml and your supplied values. Run 'dbt debug' to validate the connection.
[0m22:59:05.482922 [debug] [MainThread]: Command `dbt init` succeeded at 22:59:05.482676 after 87.29 seconds
[0m22:59:05.483460 [debug] [MainThread]: Sending event: {'category': 'dbt', 'action': 'invocation', 'label': 'end', 'context': [<snowplow_tracker.self_describing_json.SelfDescribingJson object at 0x000001BB8DF0BA80>, <snowplow_tracker.self_describing_json.SelfDescribingJson object at 0x000001BB8DF45250>, <snowplow_tracker.self_describing_json.SelfDescribingJson object at 0x000001BB8CD4DAE0>]}
[0m22:59:05.483999 [debug] [MainThread]: Flushing usage events
[0m22:59:09.071903 [debug] [MainThread]: An error was encountered while trying to flush usage events
[0m23:02:58.530680 [debug] [MainThread]: Sending event: {'category': 'dbt', 'action': 'invocation', 'label': 'start', 'context': [<snowplow_tracker.self_describing_json.SelfDescribingJson object at 0x00000146B97A4AD0>, <snowplow_tracker.self_describing_json.SelfDescribingJson object at 0x00000146BA7EFD90>, <snowplow_tracker.self_describing_json.SelfDescribingJson object at 0x00000146BA7EF9D0>]}


============================== 23:02:58.540221 | 77922fc6-65f3-4e8c-bf32-03f54d295ac5 ==============================
[0m23:02:58.540221 [info ] [MainThread]: Running with dbt=1.10.4
[0m23:02:58.541094 [debug] [MainThread]: running dbt with arguments {'printer_width': '80', 'indirect_selection': 'eager', 'log_cache_events': 'False', 'write_json': 'True', 'partial_parse': 'True', 'cache_selected_only': 'False', 'warn_error': 'None', 'debug': 'False', 'version_check': 'True', 'log_path': 'logs', 'profiles_dir': 'C:\\Users\\HP\\.dbt', 'fail_fast': 'False', 'use_colors': 'True', 'use_experimental_parser': 'False', 'empty': 'None', 'quiet': 'False', 'no_print': 'None', 'log_format': 'default', 'invocation_command': 'dbt init', 'introspect': 'True', 'static_parser': 'True', 'target_path': 'None', 'warn_error_options': 'WarnErrorOptionsV2(error=[], warn=[], silence=[])', 'send_anonymous_usage_stats': 'True'}
[0m23:03:37.630186 [debug] [MainThread]: Starter project path: C:\Users\HP\OneDrive\Desktop\Tenx\telegram-health-insights-pipeline\env\Lib\site-packages\dbt\include\starter_project
[0m23:03:37.661395 [info ] [MainThread]: 
Your new dbt project "Medical_analysis" was created!

For more information on how to configure the profiles.yml file,
please consult the dbt documentation here:

  https://docs.getdbt.com/docs/configure-your-profile

One more thing:

Need help? Don't hesitate to reach out to us via GitHub issues or on Slack:

  https://community.getdbt.com/

Happy modeling!

[0m23:03:37.662576 [info ] [MainThread]: Setting up your profile.
[0m23:04:33.399942 [info ] [MainThread]: Profile Medical_analysis written to C:\Users\HP\.dbt\profiles.yml using target's profile_template.yml and your supplied values. Run 'dbt debug' to validate the connection.
[0m23:04:33.403691 [debug] [MainThread]: Command `dbt init` succeeded at 23:04:33.403275 after 95.04 seconds
[0m23:04:33.404805 [debug] [MainThread]: Sending event: {'category': 'dbt', 'action': 'invocation', 'label': 'end', 'context': [<snowplow_tracker.self_describing_json.SelfDescribingJson object at 0x00000146BB92FA80>, <snowplow_tracker.self_describing_json.SelfDescribingJson object at 0x00000146BB961250>, <snowplow_tracker.self_describing_json.SelfDescribingJson object at 0x00000146BB869AE0>]}
[0m23:04:33.405940 [debug] [MainThread]: Flushing usage events
[0m23:04:34.574433 [debug] [MainThread]: An error was encountered while trying to flush usage events
[0m23:05:07.332037 [debug] [MainThread]: Sending event: {'category': 'dbt', 'action': 'invocation', 'label': 'start', 'context': [<snowplow_tracker.self_describing_json.SelfDescribingJson object at 0x00000203A2870AD0>, <snowplow_tracker.self_describing_json.SelfDescribingJson object at 0x00000203A4993D90>, <snowplow_tracker.self_describing_json.SelfDescribingJson object at 0x00000203A49939D0>]}


============================== 23:05:07.341049 | 35e4370b-dd13-4532-826c-a220d02d1b39 ==============================
[0m23:05:07.341049 [info ] [MainThread]: Running with dbt=1.10.4
[0m23:05:07.341918 [debug] [MainThread]: running dbt with arguments {'printer_width': '80', 'indirect_selection': 'eager', 'write_json': 'True', 'log_cache_events': 'False', 'partial_parse': 'True', 'cache_selected_only': 'False', 'warn_error': 'None', 'debug': 'False', 'fail_fast': 'False', 'log_path': 'logs', 'version_check': 'True', 'profiles_dir': 'C:\\Users\\HP\\.dbt', 'use_colors': 'True', 'use_experimental_parser': 'False', 'empty': 'None', 'quiet': 'False', 'no_print': 'None', 'warn_error_options': 'WarnErrorOptionsV2(error=[], warn=[], silence=[])', 'static_parser': 'True', 'introspect': 'True', 'invocation_command': 'dbt debug', 'target_path': 'None', 'log_format': 'default', 'send_anonymous_usage_stats': 'True'}
[0m23:05:07.369554 [info ] [MainThread]: dbt version: 1.10.4
[0m23:05:07.370220 [info ] [MainThread]: python version: 3.13.5
[0m23:05:07.370771 [info ] [MainThread]: python path: C:\Users\HP\OneDrive\Desktop\Tenx\telegram-health-insights-pipeline\env\Scripts\python.exe
[0m23:05:07.371844 [info ] [MainThread]: os info: Windows-11-10.0.26100-SP0
[0m23:05:07.462745 [info ] [MainThread]: Using profiles dir at C:\Users\HP\.dbt
[0m23:05:07.463534 [info ] [MainThread]: Using profiles.yml file at C:\Users\HP\.dbt\profiles.yml
[0m23:05:07.464075 [info ] [MainThread]: Using dbt_project.yml file at C:\Users\HP\OneDrive\Desktop\Tenx\telegram-health-insights-pipeline\src\dbt_project.yml
[0m23:05:07.464775 [error] [MainThread]: Encountered an error:
Internal Error
  Profile should not be None if loading profile completed
[0m23:05:07.466130 [debug] [MainThread]: Command `dbt debug` failed at 23:05:07.465983 after 0.30 seconds
[0m23:05:07.466517 [debug] [MainThread]: Sending event: {'category': 'dbt', 'action': 'invocation', 'label': 'end', 'context': [<snowplow_tracker.self_describing_json.SelfDescribingJson object at 0x00000203A4BF8770>, <snowplow_tracker.self_describing_json.SelfDescribingJson object at 0x00000203A4BEA570>, <snowplow_tracker.self_describing_json.SelfDescribingJson object at 0x00000203A4A81590>]}
[0m23:05:07.466969 [debug] [MainThread]: Flushing usage events
[0m23:05:08.468571 [debug] [MainThread]: An error was encountered while trying to flush usage events
[0m23:08:02.045108 [debug] [MainThread]: Sending event: {'category': 'dbt', 'action': 'invocation', 'label': 'start', 'context': [<snowplow_tracker.self_describing_json.SelfDescribingJson object at 0x0000029AAC304AD0>, <snowplow_tracker.self_describing_json.SelfDescribingJson object at 0x0000029AAE41BD90>, <snowplow_tracker.self_describing_json.SelfDescribingJson object at 0x0000029AAE41B9D0>]}


============================== 23:08:02.055677 | a78c0f1d-aed6-41ac-8d25-b2e76f9407ef ==============================
[0m23:08:02.055677 [info ] [MainThread]: Running with dbt=1.10.4
[0m23:08:02.056508 [debug] [MainThread]: running dbt with arguments {'printer_width': '80', 'indirect_selection': 'eager', 'write_json': 'True', 'log_cache_events': 'False', 'partial_parse': 'True', 'cache_selected_only': 'False', 'profiles_dir': 'C:\\Users\\HP\\.dbt', 'version_check': 'True', 'fail_fast': 'False', 'log_path': 'logs', 'debug': 'False', 'warn_error': 'None', 'use_colors': 'True', 'use_experimental_parser': 'False', 'no_print': 'None', 'quiet': 'False', 'empty': 'None', 'warn_error_options': 'WarnErrorOptionsV2(error=[], warn=[], silence=[])', 'introspect': 'True', 'static_parser': 'True', 'invocation_command': 'dbt debug', 'target_path': 'None', 'log_format': 'default', 'send_anonymous_usage_stats': 'True'}
[0m23:08:02.085170 [info ] [MainThread]: dbt version: 1.10.4
[0m23:08:02.086259 [info ] [MainThread]: python version: 3.13.5
[0m23:08:02.087059 [info ] [MainThread]: python path: C:\Users\HP\OneDrive\Desktop\Tenx\telegram-health-insights-pipeline\env\Scripts\python.exe
[0m23:08:02.088516 [info ] [MainThread]: os info: Windows-11-10.0.26100-SP0
[0m23:08:02.183388 [info ] [MainThread]: Using profiles dir at C:\Users\HP\.dbt
[0m23:08:02.184419 [info ] [MainThread]: Using profiles.yml file at C:\Users\HP\.dbt\profiles.yml
[0m23:08:02.185228 [info ] [MainThread]: Using dbt_project.yml file at C:\Users\HP\OneDrive\Desktop\Tenx\telegram-health-insights-pipeline\src\dbt_project.yml
[0m23:08:02.186044 [error] [MainThread]: Encountered an error:
Internal Error
  Profile should not be None if loading profile completed
[0m23:08:02.187815 [debug] [MainThread]: Command `dbt debug` failed at 23:08:02.187669 after 0.31 seconds
[0m23:08:02.188292 [debug] [MainThread]: Sending event: {'category': 'dbt', 'action': 'invocation', 'label': 'end', 'context': [<snowplow_tracker.self_describing_json.SelfDescribingJson object at 0x0000029AAE688770>, <snowplow_tracker.self_describing_json.SelfDescribingJson object at 0x0000029AAE67E570>, <snowplow_tracker.self_describing_json.SelfDescribingJson object at 0x0000029AAE515590>]}
[0m23:08:02.188743 [debug] [MainThread]: Flushing usage events
[0m23:08:04.607453 [debug] [MainThread]: An error was encountered while trying to flush usage events
[0m23:09:13.854816 [debug] [MainThread]: Sending event: {'category': 'dbt', 'action': 'invocation', 'label': 'start', 'context': [<snowplow_tracker.self_describing_json.SelfDescribingJson object at 0x00000236682E4AD0>, <snowplow_tracker.self_describing_json.SelfDescribingJson object at 0x000002366932FD90>, <snowplow_tracker.self_describing_json.SelfDescribingJson object at 0x000002366932F9D0>]}


============================== 23:09:13.864320 | 9dbafd83-bae8-4717-8b5a-acf3b95bda55 ==============================
[0m23:09:13.864320 [info ] [MainThread]: Running with dbt=1.10.4
[0m23:09:13.865145 [debug] [MainThread]: running dbt with arguments {'printer_width': '80', 'indirect_selection': 'eager', 'write_json': 'True', 'log_cache_events': 'False', 'partial_parse': 'True', 'cache_selected_only': 'False', 'warn_error': 'None', 'debug': 'False', 'fail_fast': 'False', 'log_path': 'logs', 'version_check': 'True', 'profiles_dir': 'C:\\Users\\HP\\.dbt', 'use_colors': 'True', 'use_experimental_parser': 'False', 'empty': 'None', 'quiet': 'False', 'no_print': 'None', 'warn_error_options': 'WarnErrorOptionsV2(error=[], warn=[], silence=[])', 'introspect': 'True', 'static_parser': 'True', 'invocation_command': 'dbt debug', 'target_path': 'None', 'log_format': 'default', 'send_anonymous_usage_stats': 'True'}
[0m23:09:13.898164 [info ] [MainThread]: dbt version: 1.10.4
[0m23:09:13.898831 [info ] [MainThread]: python version: 3.13.5
[0m23:09:13.899369 [info ] [MainThread]: python path: C:\Users\HP\OneDrive\Desktop\Tenx\telegram-health-insights-pipeline\env\Scripts\python.exe
[0m23:09:13.900398 [info ] [MainThread]: os info: Windows-11-10.0.26100-SP0
[0m23:09:13.988982 [info ] [MainThread]: Using profiles dir at C:\Users\HP\.dbt
[0m23:09:13.989783 [info ] [MainThread]: Using profiles.yml file at C:\Users\HP\.dbt\profiles.yml
[0m23:09:13.990470 [info ] [MainThread]: Using dbt_project.yml file at C:\Users\HP\OneDrive\Desktop\Tenx\telegram-health-insights-pipeline\src\dbt_project.yml
[0m23:09:13.991139 [error] [MainThread]: Encountered an error:
Internal Error
  Profile should not be None if loading profile completed
[0m23:09:13.992626 [debug] [MainThread]: Command `dbt debug` failed at 23:09:13.992464 after 0.30 seconds
[0m23:09:13.993031 [debug] [MainThread]: Sending event: {'category': 'dbt', 'action': 'invocation', 'label': 'end', 'context': [<snowplow_tracker.self_describing_json.SelfDescribingJson object at 0x000002366A5C8770>, <snowplow_tracker.self_describing_json.SelfDescribingJson object at 0x000002366A5BA570>, <snowplow_tracker.self_describing_json.SelfDescribingJson object at 0x000002366A4F1590>]}
[0m23:09:13.993447 [debug] [MainThread]: Flushing usage events
[0m23:09:15.202825 [debug] [MainThread]: An error was encountered while trying to flush usage events
[0m23:11:27.475062 [debug] [MainThread]: Sending event: {'category': 'dbt', 'action': 'invocation', 'label': 'start', 'context': [<snowplow_tracker.self_describing_json.SelfDescribingJson object at 0x000002194E9A4AD0>, <snowplow_tracker.self_describing_json.SelfDescribingJson object at 0x0000021950ABBD90>, <snowplow_tracker.self_describing_json.SelfDescribingJson object at 0x0000021950ABB9D0>]}


============================== 23:11:27.484327 | b70cbedf-44a6-4109-98c0-4d386607104c ==============================
[0m23:11:27.484327 [info ] [MainThread]: Running with dbt=1.10.4
[0m23:11:27.485180 [debug] [MainThread]: running dbt with arguments {'printer_width': '80', 'indirect_selection': 'eager', 'log_cache_events': 'False', 'write_json': 'True', 'partial_parse': 'True', 'cache_selected_only': 'False', 'profiles_dir': 'C:\\Users\\HP\\.dbt', 'debug': 'False', 'version_check': 'True', 'log_path': 'logs', 'fail_fast': 'False', 'warn_error': 'None', 'use_colors': 'True', 'use_experimental_parser': 'False', 'no_print': 'None', 'quiet': 'False', 'empty': 'None', 'warn_error_options': 'WarnErrorOptionsV2(error=[], warn=[], silence=[])', 'introspect': 'True', 'log_format': 'default', 'invocation_command': 'dbt debug', 'target_path': 'None', 'static_parser': 'True', 'send_anonymous_usage_stats': 'True'}
[0m23:11:27.516020 [info ] [MainThread]: dbt version: 1.10.4
[0m23:11:27.516750 [info ] [MainThread]: python version: 3.13.5
[0m23:11:27.517418 [info ] [MainThread]: python path: C:\Users\HP\OneDrive\Desktop\Tenx\telegram-health-insights-pipeline\env\Scripts\python.exe
[0m23:11:27.518438 [info ] [MainThread]: os info: Windows-11-10.0.26100-SP0
[0m23:11:27.602125 [info ] [MainThread]: Using profiles dir at C:\Users\HP\.dbt
[0m23:11:27.602876 [info ] [MainThread]: Using profiles.yml file at C:\Users\HP\.dbt\profiles.yml
[0m23:11:27.603657 [info ] [MainThread]: Using dbt_project.yml file at C:\Users\HP\OneDrive\Desktop\Tenx\telegram-health-insights-pipeline\src\dbt_project.yml
[0m23:11:27.604375 [error] [MainThread]: Encountered an error:
Internal Error
  Profile should not be None if loading profile completed
[0m23:11:27.605926 [debug] [MainThread]: Command `dbt debug` failed at 23:11:27.605722 after 0.28 seconds
[0m23:11:27.606392 [debug] [MainThread]: Sending event: {'category': 'dbt', 'action': 'invocation', 'label': 'end', 'context': [<snowplow_tracker.self_describing_json.SelfDescribingJson object at 0x0000021950C88770>, <snowplow_tracker.self_describing_json.SelfDescribingJson object at 0x0000021950C7E570>, <snowplow_tracker.self_describing_json.SelfDescribingJson object at 0x0000021950BB5590>]}
[0m23:11:27.606805 [debug] [MainThread]: Flushing usage events
[0m23:11:28.827199 [debug] [MainThread]: An error was encountered while trying to flush usage events
[0m23:12:58.161382 [debug] [MainThread]: Sending event: {'category': 'dbt', 'action': 'invocation', 'label': 'start', 'context': [<snowplow_tracker.self_describing_json.SelfDescribingJson object at 0x00000251C60A4AD0>, <snowplow_tracker.self_describing_json.SelfDescribingJson object at 0x00000251C81BFD90>, <snowplow_tracker.self_describing_json.SelfDescribingJson object at 0x00000251C81BF9D0>]}


============================== 23:12:58.170394 | 40f7f04b-cce5-4778-9d68-e8853b30fde2 ==============================
[0m23:12:58.170394 [info ] [MainThread]: Running with dbt=1.10.4
[0m23:12:58.171292 [debug] [MainThread]: running dbt with arguments {'printer_width': '80', 'indirect_selection': 'eager', 'write_json': 'True', 'log_cache_events': 'False', 'partial_parse': 'True', 'cache_selected_only': 'False', 'profiles_dir': 'C:\\Users\\HP\\.dbt', 'fail_fast': 'False', 'debug': 'False', 'log_path': 'logs', 'warn_error': 'None', 'version_check': 'True', 'use_colors': 'True', 'use_experimental_parser': 'False', 'no_print': 'None', 'quiet': 'False', 'empty': 'None', 'warn_error_options': 'WarnErrorOptionsV2(error=[], warn=[], silence=[])', 'static_parser': 'True', 'invocation_command': 'dbt init', 'introspect': 'True', 'target_path': 'None', 'log_format': 'default', 'send_anonymous_usage_stats': 'True'}
[0m23:13:14.882365 [debug] [MainThread]: Starter project path: C:\Users\HP\OneDrive\Desktop\Tenx\telegram-health-insights-pipeline\env\Lib\site-packages\dbt\include\starter_project
[0m23:13:14.956298 [info ] [MainThread]: 
Your new dbt project "tg_med" was created!

For more information on how to configure the profiles.yml file,
please consult the dbt documentation here:

  https://docs.getdbt.com/docs/configure-your-profile

One more thing:

Need help? Don't hesitate to reach out to us via GitHub issues or on Slack:

  https://community.getdbt.com/

Happy modeling!

[0m23:13:14.957545 [info ] [MainThread]: Setting up your profile.
[0m23:14:26.567147 [error] [MainThread]: Encountered an error:

[0m23:14:26.676721 [error] [MainThread]: Traceback (most recent call last):
  File "C:\Users\HP\OneDrive\Desktop\Tenx\telegram-health-insights-pipeline\env\Lib\site-packages\dbt\cli\requires.py", line 161, in wrapper
    result, success = func(*args, **kwargs)
                      ~~~~^^^^^^^^^^^^^^^^^
  File "C:\Users\HP\OneDrive\Desktop\Tenx\telegram-health-insights-pipeline\env\Lib\site-packages\dbt\cli\requires.py", line 111, in wrapper
    return func(*args, **kwargs)
  File "C:\Users\HP\OneDrive\Desktop\Tenx\telegram-health-insights-pipeline\env\Lib\site-packages\dbt\cli\main.py", line 483, in init
    results = task.run()
  File "C:\Users\HP\OneDrive\Desktop\Tenx\telegram-health-insights-pipeline\env\Lib\site-packages\dbt\task\init.py", line 346, in run
    self.setup_profile(profile_name)
    ~~~~~~~~~~~~~~~~~~^^^^^^^^^^^^^^
  File "C:\Users\HP\OneDrive\Desktop\Tenx\telegram-health-insights-pipeline\env\Lib\site-packages\dbt\task\init.py", line 262, in setup_profile
    self.create_profile_from_target(adapter, profile_name=profile_name)
    ~~~~~~~~~~~~~~~~~~~~~~~~~~~~~~~^^^^^^^^^^^^^^^^^^^^^^^^^^^^^^^^^^^^
  File "C:\Users\HP\OneDrive\Desktop\Tenx\telegram-health-insights-pipeline\env\Lib\site-packages\dbt\task\init.py", line 179, in create_profile_from_target
    self.create_profile_from_profile_template(profile_template, profile_name)
    ~~~~~~~~~~~~~~~~~~~~~~~~~~~~~~~~~~~~~~~~~^^^^^^^^^^^^^^^^^^^^^^^^^^^^^^^^
  File "C:\Users\HP\OneDrive\Desktop\Tenx\telegram-health-insights-pipeline\env\Lib\site-packages\dbt\task\init.py", line 163, in create_profile_from_profile_template
    target = self.generate_target_from_input(prompts, initial_target)
  File "C:\Users\HP\OneDrive\Desktop\Tenx\telegram-health-insights-pipeline\env\Lib\site-packages\dbt\task\init.py", line 129, in generate_target_from_input
    target[key] = click.prompt(
                  ~~~~~~~~~~~~^
        text, default=default, hide_input=hide_input, type=type
        ^^^^^^^^^^^^^^^^^^^^^^^^^^^^^^^^^^^^^^^^^^^^^^^^^^^^^^^
    )
    ^
  File "C:\Users\HP\OneDrive\Desktop\Tenx\telegram-health-insights-pipeline\env\Lib\site-packages\click\termui.py", line 168, in prompt
    value = prompt_func(prompt)
  File "C:\Users\HP\OneDrive\Desktop\Tenx\telegram-health-insights-pipeline\env\Lib\site-packages\click\termui.py", line 151, in prompt_func
    raise Abort() from None
click.exceptions.Abort

[0m23:14:26.680391 [debug] [MainThread]: Command `dbt init` failed at 23:14:26.680105 after 88.67 seconds
[0m23:14:26.681250 [debug] [MainThread]: Sending event: {'category': 'dbt', 'action': 'invocation', 'label': 'end', 'context': [<snowplow_tracker.self_describing_json.SelfDescribingJson object at 0x00000251C822FE10>, <snowplow_tracker.self_describing_json.SelfDescribingJson object at 0x00000251C831CCB0>, <snowplow_tracker.self_describing_json.SelfDescribingJson object at 0x00000251C82DC270>]}
[0m23:14:26.682155 [debug] [MainThread]: Flushing usage events
[0m23:14:30.983457 [debug] [MainThread]: An error was encountered while trying to flush usage events
[0m23:14:38.723198 [debug] [MainThread]: Sending event: {'category': 'dbt', 'action': 'invocation', 'label': 'start', 'context': [<snowplow_tracker.self_describing_json.SelfDescribingJson object at 0x000001693D290AD0>, <snowplow_tracker.self_describing_json.SelfDescribingJson object at 0x000001693F3AFD90>, <snowplow_tracker.self_describing_json.SelfDescribingJson object at 0x000001693F3AF9D0>]}


============================== 23:14:38.732783 | cb154187-2c6f-47e6-9599-beb197319477 ==============================
[0m23:14:38.732783 [info ] [MainThread]: Running with dbt=1.10.4
[0m23:14:38.733846 [debug] [MainThread]: running dbt with arguments {'printer_width': '80', 'indirect_selection': 'eager', 'log_cache_events': 'False', 'write_json': 'True', 'partial_parse': 'True', 'cache_selected_only': 'False', 'profiles_dir': 'C:\\Users\\HP\\.dbt', 'version_check': 'True', 'warn_error': 'None', 'log_path': 'logs', 'debug': 'False', 'fail_fast': 'False', 'use_colors': 'True', 'use_experimental_parser': 'False', 'no_print': 'None', 'quiet': 'False', 'empty': 'None', 'log_format': 'default', 'static_parser': 'True', 'introspect': 'True', 'warn_error_options': 'WarnErrorOptionsV2(error=[], warn=[], silence=[])', 'target_path': 'None', 'invocation_command': 'dbt init', 'send_anonymous_usage_stats': 'True'}
[0m23:14:45.331103 [info ] [MainThread]: A project called tg_med already exists here.
[0m23:14:45.333602 [debug] [MainThread]: Command `dbt init` succeeded at 23:14:45.333302 after 6.76 seconds
[0m23:14:45.334384 [debug] [MainThread]: Sending event: {'category': 'dbt', 'action': 'invocation', 'label': 'end', 'context': [<snowplow_tracker.self_describing_json.SelfDescribingJson object at 0x000001693F41D6E0>, <snowplow_tracker.self_describing_json.SelfDescribingJson object at 0x000001693F451250>, <snowplow_tracker.self_describing_json.SelfDescribingJson object at 0x000001693E25CE20>]}
[0m23:14:45.335164 [debug] [MainThread]: Flushing usage events
[0m23:14:46.859353 [debug] [MainThread]: An error was encountered while trying to flush usage events
[0m23:15:01.706327 [debug] [MainThread]: Sending event: {'category': 'dbt', 'action': 'invocation', 'label': 'start', 'context': [<snowplow_tracker.self_describing_json.SelfDescribingJson object at 0x0000023D94ED4AD0>, <snowplow_tracker.self_describing_json.SelfDescribingJson object at 0x0000023D96FEFD90>, <snowplow_tracker.self_describing_json.SelfDescribingJson object at 0x0000023D96FEF9D0>]}


============================== 23:15:01.715559 | 4bb0bfa6-6772-4858-b6ea-982922e9a193 ==============================
[0m23:15:01.715559 [info ] [MainThread]: Running with dbt=1.10.4
[0m23:15:01.716374 [debug] [MainThread]: running dbt with arguments {'printer_width': '80', 'indirect_selection': 'eager', 'write_json': 'True', 'log_cache_events': 'False', 'partial_parse': 'True', 'cache_selected_only': 'False', 'profiles_dir': 'C:\\Users\\HP\\.dbt', 'debug': 'False', 'warn_error': 'None', 'log_path': 'logs', 'version_check': 'True', 'fail_fast': 'False', 'use_colors': 'True', 'use_experimental_parser': 'False', 'empty': 'None', 'quiet': 'False', 'no_print': 'None', 'log_format': 'default', 'invocation_command': 'dbt init', 'static_parser': 'True', 'introspect': 'True', 'target_path': 'None', 'warn_error_options': 'WarnErrorOptionsV2(error=[], warn=[], silence=[])', 'send_anonymous_usage_stats': 'True'}
[0m23:15:12.742377 [debug] [MainThread]: Starter project path: C:\Users\HP\OneDrive\Desktop\Tenx\telegram-health-insights-pipeline\env\Lib\site-packages\dbt\include\starter_project
[0m23:15:12.772153 [info ] [MainThread]: 
Your new dbt project "med_analtics" was created!

For more information on how to configure the profiles.yml file,
please consult the dbt documentation here:

  https://docs.getdbt.com/docs/configure-your-profile

One more thing:

Need help? Don't hesitate to reach out to us via GitHub issues or on Slack:

  https://community.getdbt.com/

Happy modeling!

[0m23:15:12.773015 [info ] [MainThread]: Setting up your profile.
[0m23:16:31.290768 [info ] [MainThread]: Profile med_analtics written to C:\Users\HP\.dbt\profiles.yml using target's profile_template.yml and your supplied values. Run 'dbt debug' to validate the connection.
[0m23:16:31.295645 [debug] [MainThread]: Command `dbt init` succeeded at 23:16:31.295150 after 89.73 seconds
[0m23:16:31.297160 [debug] [MainThread]: Sending event: {'category': 'dbt', 'action': 'invocation', 'label': 'end', 'context': [<snowplow_tracker.self_describing_json.SelfDescribingJson object at 0x0000023D9705FA80>, <snowplow_tracker.self_describing_json.SelfDescribingJson object at 0x0000023D97091250>, <snowplow_tracker.self_describing_json.SelfDescribingJson object at 0x0000023D95E9DAE0>]}
[0m23:16:31.298692 [debug] [MainThread]: Flushing usage events
[0m23:16:32.519326 [debug] [MainThread]: An error was encountered while trying to flush usage events
[0m23:21:35.736177 [debug] [MainThread]: Sending event: {'category': 'dbt', 'action': 'invocation', 'label': 'start', 'context': [<snowplow_tracker.self_describing_json.SelfDescribingJson object at 0x0000027B5EB84AD0>, <snowplow_tracker.self_describing_json.SelfDescribingJson object at 0x0000027B5FBD3D90>, <snowplow_tracker.self_describing_json.SelfDescribingJson object at 0x0000027B5FBD39D0>]}


============================== 23:21:35.757716 | e43ab957-5371-4961-a64a-7425507fef8e ==============================
[0m23:21:35.757716 [info ] [MainThread]: Running with dbt=1.10.4
[0m23:21:35.759679 [debug] [MainThread]: running dbt with arguments {'printer_width': '80', 'indirect_selection': 'eager', 'log_cache_events': 'False', 'write_json': 'True', 'partial_parse': 'True', 'cache_selected_only': 'False', 'profiles_dir': 'C:\\Users\\HP\\.dbt', 'version_check': 'True', 'fail_fast': 'False', 'log_path': 'logs', 'debug': 'False', 'warn_error': 'None', 'use_colors': 'True', 'use_experimental_parser': 'False', 'no_print': 'None', 'quiet': 'False', 'empty': 'None', 'log_format': 'default', 'introspect': 'True', 'static_parser': 'True', 'warn_error_options': 'WarnErrorOptionsV2(error=[], warn=[], silence=[])', 'target_path': 'None', 'invocation_command': 'dbt debug', 'send_anonymous_usage_stats': 'True'}
[0m23:21:35.848952 [info ] [MainThread]: dbt version: 1.10.4
[0m23:21:35.851581 [info ] [MainThread]: python version: 3.13.5
[0m23:21:35.854098 [info ] [MainThread]: python path: C:\Users\HP\OneDrive\Desktop\Tenx\telegram-health-insights-pipeline\env\Scripts\python.exe
[0m23:21:35.858292 [info ] [MainThread]: os info: Windows-11-10.0.26100-SP0
[0m23:21:36.203114 [info ] [MainThread]: Using profiles dir at C:\Users\HP\.dbt
[0m23:21:36.204453 [info ] [MainThread]: Using profiles.yml file at C:\Users\HP\.dbt\profiles.yml
[0m23:21:36.205619 [info ] [MainThread]: Using dbt_project.yml file at C:\Users\HP\OneDrive\Desktop\Tenx\telegram-health-insights-pipeline\src\dbt_project.yml
[0m23:21:36.206955 [error] [MainThread]: Encountered an error:
Internal Error
  Profile should not be None if loading profile completed
[0m23:21:36.210076 [debug] [MainThread]: Command `dbt debug` failed at 23:21:36.209649 after 1.07 seconds
[0m23:21:36.211033 [debug] [MainThread]: Sending event: {'category': 'dbt', 'action': 'invocation', 'label': 'end', 'context': [<snowplow_tracker.self_describing_json.SelfDescribingJson object at 0x0000027B60E789D0>, <snowplow_tracker.self_describing_json.SelfDescribingJson object at 0x0000027B60E6A570>, <snowplow_tracker.self_describing_json.SelfDescribingJson object at 0x0000027B60D91590>]}
[0m23:21:36.212124 [debug] [MainThread]: Flushing usage events
[0m23:21:41.760217 [debug] [MainThread]: An error was encountered while trying to flush usage events
